srun: Job step aborted: Waiting up to 32 seconds for job step to finish.
slurmstepd: error: *** JOB 16785 ON c3 CANCELLED AT 2021-07-02T16:09:23 ***
slurmstepd: error: *** STEP 16785.0 ON c3 CANCELLED AT 2021-07-02T16:09:23 ***
