srun: Job step aborted: Waiting up to 32 seconds for job step to finish.
slurmstepd: error: *** JOB 16786 ON c4 CANCELLED AT 2021-07-02T16:09:21 ***
slurmstepd: error: *** STEP 16786.0 ON c4 CANCELLED AT 2021-07-02T16:09:21 ***
