srun: Job step aborted: Waiting up to 32 seconds for job step to finish.
slurmstepd: error: *** STEP 16866.0 ON c3 CANCELLED AT 2021-07-03T07:37:42 ***
slurmstepd: error: *** JOB 16866 ON c3 CANCELLED AT 2021-07-03T07:37:42 ***
