srun: Job step aborted: Waiting up to 32 seconds for job step to finish.
slurmstepd: error: *** STEP 16864.0 ON c1 CANCELLED AT 2021-07-03T07:37:47 ***
slurmstepd: error: *** JOB 16864 ON c1 CANCELLED AT 2021-07-03T07:37:47 ***
