srun: Job step aborted: Waiting up to 32 seconds for job step to finish.
slurmstepd: error: *** JOB 16789 ON c7 CANCELLED AT 2021-07-02T16:13:14 ***
slurmstepd: error: *** STEP 16789.0 ON c7 CANCELLED AT 2021-07-02T16:13:14 ***
