srun: Job step aborted: Waiting up to 32 seconds for job step to finish.
slurmstepd: error: *** JOB 16784 ON c2 CANCELLED AT 2021-07-02T16:09:25 ***
slurmstepd: error: *** STEP 16784.0 ON c2 CANCELLED AT 2021-07-02T16:09:25 ***
