srun: Job step aborted: Waiting up to 32 seconds for job step to finish.
slurmstepd: error: *** JOB 16788 ON c6 CANCELLED AT 2021-07-02T16:13:11 ***
slurmstepd: error: *** STEP 16788.0 ON c6 CANCELLED AT 2021-07-02T16:13:11 ***
